<?xml version="1.0" encoding="UTF-8"?>
<!-- Generated by org.testng.reporters.JUnitXMLReporter -->
<testsuite hostname="IN5CG7192GQ4" ignored="0" name="EndToEndTest" tests="1" failures="1" timestamp="19 Sep 2018 13:08:42 GMT" time="17.997" errors="0">
  <testcase name="endToEndValidationWithExplicitSync" time="4.538" classname="testcases.Day3_FunctionalValidationWithSynchronization">
    <failure type="java.lang.NullPointerException">
      <![CDATA[java.lang.NullPointerException
at org.openqa.selenium.support.events.EventFiringWebDriver.extractInterfaces(EventFiringWebDriver.java:120)
at org.openqa.selenium.support.events.EventFiringWebDriver.access$300(EventFiringWebDriver.java:69)
at org.openqa.selenium.support.events.EventFiringWebDriver$EventFiringWebElement.<init>(EventFiringWebDriver.java:397)
at org.openqa.selenium.support.events.EventFiringWebDriver$EventFiringWebElement.<init>(EventFiringWebDriver.java:389)
at org.openqa.selenium.support.events.EventFiringWebDriver.createWebElement(EventFiringWebDriver.java:327)
at org.openqa.selenium.support.events.EventFiringWebDriver.findElement(EventFiringWebDriver.java:196)
at testcases.Day3_FunctionalValidationWithSynchronization.endToEndValidationWithExplicitSync(Day3_FunctionalValidationWithSynchronization.java:18)
... Removed 25 stack frames]]>
    </failure>
  </testcase> <!-- endToEndValidationWithExplicitSync -->
</testsuite> <!-- EndToEndTest -->
